<?xml version="1.0" encoding="UTF-8"?>
<testng-results skipped="0" failed="0" ignored="0" total="1" passed="1">
  <reporter-output>
  </reporter-output>
  <suite name="Default suite" duration-ms="196" started-at="2020-02-18T02:52:43Z" finished-at="2020-02-18T02:52:43Z">
    <groups>
    </groups>
    <test name="Default test" duration-ms="196" started-at="2020-02-18T02:52:43Z" finished-at="2020-02-18T02:52:43Z">
      <class name="TestNg1">
        <test-method status="PASS" signature="metho1()[pri:0, instance:TestNg1@100fc185]" name="metho1" duration-ms="17" started-at="2020-02-18T02:52:43Z" finished-at="2020-02-18T02:52:43Z">
          <reporter-output>
          </reporter-output>
        </test-method> <!-- metho1 -->
      </class> <!-- TestNg1 -->
    </test> <!-- Default test -->
  </suite> <!-- Default suite -->
</testng-results>
